{"name":"list users","status":"failed","statusDetails":{"known":false,"muted":false,"flaky":false,"message":"expected [22] but found [NoSuchElementException: no such element: Unable to locate element: {\"method\":\"css selector\",\"selector\":\".endpoints li1\"}]","trace":"java.lang.AssertionError: expected [22] but found [NoSuchElementException: no such element: Unable to locate element: {\"method\":\"css selector\",\"selector\":\".endpoints li1\"}]\r\n\tat org.testng.Assert.fail(Assert.java:96)\r\n\tat org.testng.Assert.failNotEquals(Assert.java:776)\r\n\tat org.testng.Assert.assertEqualsImpl(Assert.java:137)\r\n\tat org.testng.Assert.assertEquals(Assert.java:118)\r\n\tat org.testng.Assert.assertEquals(Assert.java:442)\r\n\tat ui.UiTest.listUsersTest(UiTest.java:29)\r\n\tat sun.reflect.NativeMethodAccessorImpl.invoke0(Native Method)\r\n\tat sun.reflect.NativeMethodAccessorImpl.invoke(NativeMethodAccessorImpl.java:62)\r\n\tat sun.reflect.DelegatingMethodAccessorImpl.invoke(DelegatingMethodAccessorImpl.java:43)\r\n\tat java.lang.reflect.Method.invoke(Method.java:498)\r\n\tat org.testng.internal.MethodInvocationHelper.invokeMethod(MethodInvocationHelper.java:124)\r\n\tat org.testng.internal.Invoker.invokeMethod(Invoker.java:583)\r\n\tat org.testng.internal.Invoker.invokeTestMethod(Invoker.java:719)\r\n\tat org.testng.internal.Invoker.invokeTestMethods(Invoker.java:989)\r\n\tat org.testng.internal.TestMethodWorker.invokeTestMethods(TestMethodWorker.java:125)\r\n\tat org.testng.internal.TestMethodWorker.run(TestMethodWorker.java:109)\r\n\tat org.testng.TestRunner.privateRun(TestRunner.java:648)\r\n\tat org.testng.TestRunner.run(TestRunner.java:505)\r\n\tat org.testng.SuiteRunner.runTest(SuiteRunner.java:455)\r\n\tat org.testng.SuiteRunner.runSequentially(SuiteRunner.java:450)\r\n\tat org.testng.SuiteRunner.privateRun(SuiteRunner.java:415)\r\n\tat org.testng.SuiteRunner.run(SuiteRunner.java:364)\r\n\tat org.testng.SuiteRunnerWorker.runSuite(SuiteRunnerWorker.java:52)\r\n\tat org.testng.SuiteRunnerWorker.run(SuiteRunnerWorker.java:84)\r\n\tat org.testng.TestNG.runSuitesSequentially(TestNG.java:1208)\r\n\tat org.testng.TestNG.runSuitesLocally(TestNG.java:1137)\r\n\tat org.testng.TestNG.runSuites(TestNG.java:1049)\r\n\tat org.testng.TestNG.run(TestNG.java:1017)\r\n\tat org.testng.IDEARemoteTestNG.run(IDEARemoteTestNG.java:73)\r\n\tat org.testng.RemoteTestNGStarter.main(RemoteTestNGStarter.java:123)\r\n"},"stage":"finished","steps":[],"attachments":[{"name":"Screenshot","source":"c069779f-f0cd-4387-aceb-6b73db232f3f-attachment.png","type":"image/png"}],"parameters":[],"start":1587136304116,"stop":1587136304704,"uuid":"5896853b-528c-484f-8491-f43eb8244c12","historyId":"863f90982aff4cd65364e03e5f6f680","fullName":"ui.UiTest.listUsersTest","labels":[{"name":"package","value":"ui.UiTest"},{"name":"testClass","value":"ui.UiTest"},{"name":"testMethod","value":"listUsersTest"},{"name":"parentSuite","value":"Default Suite"},{"name":"suite","value":"apiuitest"},{"name":"subSuite","value":"ui.UiTest"},{"name":"host","value":"Avian-PC"},{"name":"thread","value":"10508@Avian-PC.main(1)"},{"name":"framework","value":"testng"},{"name":"language","value":"java"},{"name":"epic","value":"Site"}],"links":[]}